<?xml version="1.0" encoding="UTF-8"?>
<!-- Generated by org.testng.reporters.JUnitXMLReporter -->
<testsuite ignored="0" hostname="LAPTOP-2VA81V7N" failures="0" tests="14" name="Surefire test" time="199.849" errors="0" timestamp="2026-05-12T04:25:31 IST">
  <testcase classname="pages.AlertTest" name="simpleAlert" time="1.36"/>
  <testcase classname="pages.AlertTest" name="confirmAlert" time="1.453"/>
  <testcase classname="pages.AlertTest" name="promptAlert" time="1.546"/>
  <testcase classname="pages.AlertTest" name="newTabWindow" time="1.85"/>
  <testcase classname="pages.FormTest" name="registration" time="5.171"/>
  <testcase classname="pages.IFrameTest" name="frameParent" time="1.488"/>
  <testcase classname="pages.IFrameTest" name="frameChild" time="1.633"/>
  <testcase classname="pages.WebtableTest" name="addRow" time="4.658"/>
  <testcase classname="pages.WebtableTest" name="search" time="1.848"/>
  <testcase classname="pages.WebtableTest" name="delete" time="1.416"/>
  <testcase classname="pages.WebtableTest" name="pagination" time="1.283"/>
  <testcase classname="pages.WidgetTest" name="datePicker" time="1.976"/>
  <testcase classname="pages.WidgetTest" name="slider" time="1.776"/>
  <testcase classname="pages.WidgetTest" name="accordian" time="1.561"/>
</testsuite> <!-- Surefire test -->
