<?xml version="1.0" encoding="UTF-8"?>
<testsuite xmlns:xsi="http://www.w3.org/2001/XMLSchema-instance" xsi:noNamespaceSchemaLocation="https://maven.apache.org/surefire/maven-surefire-plugin/xsd/surefire-test-report.xsd" version="3.0.2" name="TestSuite" time="200.636" tests="14" errors="0" skipped="0" failures="0">
  <properties>
[...]
</properties>
  <testcase name="simpleAlert" classname="pages.AlertTest" time="1.381">
    <system-out><![CDATA[You clicked a button
]]></system-out>
    <system-err><![CDATA[SLF4J(W): No SLF4J providers were found.
SLF4J(W): Defaulting to no-operation (NOP) logger implementation
SLF4J(W): See https://www.slf4j.org/codes.html#noProviders for further details.
]]></system-err>
  </testcase>
  <testcase name="confirmAlert" classname="pages.AlertTest" time="1.474">
    <system-out><![CDATA[You selected Cancel
]]></system-out>
  </testcase>
  <testcase name="promptAlert" classname="pages.AlertTest" time="1.565">
    <system-out><![CDATA[You entered Pradeep
]]></system-out>
  </testcase>
  <testcase name="newTabWindow" classname="pages.AlertTest" time="1.872">
    <system-out><![CDATA[Title is: 
]]></system-out>
  </testcase>
  <testcase name="registration[Pradeep, R, pradeep@gmail.com, 9361337308, Chennai](1)" classname="pages.FormTest" time="5.171"/>
  <testcase name="frameParent" classname="pages.IFrameTest" time="1.579">
    <system-out><![CDATA[This is a sample page
true
]]></system-out>
  </testcase>
  <testcase name="frameChild" classname="pages.IFrameTest" time="1.646">
    <system-out><![CDATA[Parent frame
Child Iframe
]]></system-out>
  </testcase>
  <testcase name="addRow[Pradeep, R, pradeep@gmail.com, 24, 24000, IT](1)" classname="pages.WebtableTest" time="4.666"/>
  <testcase name="search" classname="pages.WebtableTest" time="1.849"/>
  <testcase name="delete" classname="pages.WebtableTest" time="1.418"/>
  <testcase name="pagination" classname="pages.WebtableTest" time="1.284"/>
  <testcase name="datePicker" classname="pages.WidgetTest" time="1.986">
    <system-out><![CDATA[07/20/2026
]]></system-out>
  </testcase>
  <testcase name="slider" classname="pages.WidgetTest" time="1.784">
    <system-out><![CDATA[58
]]></system-out>
  </testcase>
  <testcase name="accordian" classname="pages.WidgetTest" time="1.558"/>
</testsuite>