<?xml version="1.0" encoding="UTF-8"?>
<!-- Generated by org.testng.reporters.JUnitReportReporter -->
<testsuite hostname="LAPTOP-2VA81V7N" failures="0" tests="3" name="pages.WidgetTest" time="46.866" errors="0" timestamp="2026-05-12T04:25:32 IST" skipped="0">
  <testcase classname="pages.WidgetTest" name="datePicker" time="20.314"/>
  <testcase classname="pages.WidgetTest" name="slider" time="12.001"/>
  <testcase classname="pages.WidgetTest" name="accordian" time="14.551"/>
</testsuite> <!-- pages.WidgetTest -->
