<?xml version="1.0" encoding="UTF-8"?>
<!-- Generated by org.testng.reporters.JUnitReportReporter -->
<testsuite hostname="LAPTOP-2VA81V7N" failures="0" tests="4" name="pages.AlertTest" time="46.921" errors="0" timestamp="2026-05-12T04:25:32 IST" skipped="0">
  <testcase classname="pages.AlertTest" name="simpleAlert" time="12.755"/>
  <testcase classname="pages.AlertTest" name="confirmAlert" time="10.434"/>
  <testcase classname="pages.AlertTest" name="promptAlert" time="11.342"/>
  <testcase classname="pages.AlertTest" name="newTabWindow" time="12.390"/>
</testsuite> <!-- pages.AlertTest -->
