<?xml version="1.0" encoding="UTF-8"?>
<!-- Generated by org.testng.reporters.JUnitReportReporter -->
<testsuite hostname="LAPTOP-2VA81V7N" failures="0" tests="4" name="pages.WebtableTest" time="70.068" errors="0" timestamp="2026-05-12T04:25:32 IST" skipped="0">
  <testcase classname="pages.WebtableTest" name="addRow" time="12.340"/>
  <testcase classname="pages.WebtableTest" name="search" time="30.823"/>
  <testcase classname="pages.WebtableTest" name="delete" time="10.014"/>
  <testcase classname="pages.WebtableTest" name="pagination" time="16.891"/>
</testsuite> <!-- pages.WebtableTest -->
